This is pdfTeX, Version 3.14159265-2.6-1.40.20 (TeX Live 2019/Debian) (preloaded format=pdflatex 2020.7.6)  12 JUL 2020 18:02
entering extended mode
 restricted \write18 enabled.
 %&-line parsing enabled.
**ProjectReport.tex
(./ProjectReport.tex
LaTeX2e <2020-02-02> patch level 2
L3 programming layer <2020-02-14>
(/usr/share/texlive/texmf-dist/tex/latex/base/report.cls
Document Class: report 2019/12/20 v1.4l Standard LaTeX document class
(/usr/share/texlive/texmf-dist/tex/latex/base/size12.clo
File: size12.clo 2019/12/20 v1.4l Standard LaTeX file (size option)
)
\c@part=\count167
\c@chapter=\count168
\c@section=\count169
\c@subsection=\count170
\c@subsubsection=\count171
\c@paragraph=\count172
\c@subparagraph=\count173
\c@figure=\count174
\c@table=\count175
\abovecaptionskip=\skip47
\belowcaptionskip=\skip48
\bibindent=\dimen134
)
(/usr/share/texlive/texmf-dist/tex/latex/base/inputenc.sty
Package: inputenc 2018/08/11 v1.3c Input encoding file
\inpenc@prehook=\toks14
\inpenc@posthook=\toks15
)
(/usr/share/texlive/texmf-dist/tex/generic/babel/babel.sty
Package: babel 2020/02/14 3.40 The Babel package

(/usr/share/texlive/texmf-dist/tex/generic/babel/switch.def
File: switch.def 2020/02/14 3.40 Babel switching mechanism
)
(/usr/share/texlive/texmf-dist/tex/generic/babel-english/english.ldf
Language: english 2017/06/06 v3.3r English support from the babel system

(/usr/share/texlive/texmf-dist/tex/generic/babel/babel.def
File: babel.def 2020/02/14 3.40 Babel common definitions
\babel@savecnt=\count176
\U@D=\dimen135

(/usr/share/texlive/texmf-dist/tex/generic/babel/txtbabel.def)
\bbl@readstream=\read2
\bbl@dirlevel=\count177
)
Package babel Info: \l@british = using hyphenrules for english
(babel)             (\language0) on input line 82.
Package babel Info: \l@UKenglish = using hyphenrules for english
(babel)             (\language0) on input line 83.
Package babel Info: \l@canadian = using hyphenrules for english
(babel)             (\language0) on input line 102.
Package babel Info: \l@australian = using hyphenrules for english
(babel)             (\language0) on input line 105.
Package babel Info: \l@newzealand = using hyphenrules for english
(babel)             (\language0) on input line 108.
))
(/usr/share/texlive/texmf-dist/tex/latex/amsmath/amsmath.sty
Package: amsmath 2020/01/20 v2.17e AMS math features
\@mathmargin=\skip49

For additional information on amsmath, use the `?' option.
(/usr/share/texlive/texmf-dist/tex/latex/amsmath/amstext.sty
Package: amstext 2000/06/29 v2.01 AMS text

(/usr/share/texlive/texmf-dist/tex/latex/amsmath/amsgen.sty
File: amsgen.sty 1999/11/30 v2.0 generic functions
\@emptytoks=\toks16
\ex@=\dimen136
))
(/usr/share/texlive/texmf-dist/tex/latex/amsmath/amsbsy.sty
Package: amsbsy 1999/11/29 v1.2d Bold Symbols
\pmbraise@=\dimen137
)
(/usr/share/texlive/texmf-dist/tex/latex/amsmath/amsopn.sty
Package: amsopn 2016/03/08 v2.02 operator names
)
\inf@bad=\count178
LaTeX Info: Redefining \frac on input line 227.
\uproot@=\count179
\leftroot@=\count180
LaTeX Info: Redefining \overline on input line 389.
\classnum@=\count181
\DOTSCASE@=\count182
LaTeX Info: Redefining \ldots on input line 486.
LaTeX Info: Redefining \dots on input line 489.
LaTeX Info: Redefining \cdots on input line 610.
\Mathstrutbox@=\box45
\strutbox@=\box46
\big@size=\dimen138
LaTeX Font Info:    Redeclaring font encoding OML on input line 733.
LaTeX Font Info:    Redeclaring font encoding OMS on input line 734.
\macc@depth=\count183
\c@MaxMatrixCols=\count184
\dotsspace@=\muskip16
\c@parentequation=\count185
\dspbrk@lvl=\count186
\tag@help=\toks17
\row@=\count187
\column@=\count188
\maxfields@=\count189
\andhelp@=\toks18
\eqnshift@=\dimen139
\alignsep@=\dimen140
\tagshift@=\dimen141
\tagwidth@=\dimen142
\totwidth@=\dimen143
\lineht@=\dimen144
\@envbody=\toks19
\multlinegap=\skip50
\multlinetaggap=\skip51
\mathdisplay@stack=\toks20
LaTeX Info: Redefining \[ on input line 2859.
LaTeX Info: Redefining \] on input line 2860.
)
(/usr/share/texlive/texmf-dist/tex/latex/amsfonts/amsfonts.sty
Package: amsfonts 2013/01/14 v3.01 Basic AMSFonts support
\symAMSa=\mathgroup4
\symAMSb=\mathgroup5
LaTeX Font Info:    Redeclaring math symbol \hbar on input line 98.
LaTeX Font Info:    Overwriting math alphabet `\mathfrak' in version `bold'
(Font)                  U/euf/m/n --> U/euf/b/n on input line 106.
)
(/usr/share/texlive/texmf-dist/tex/latex/amsfonts/amssymb.sty
Package: amssymb 2013/01/14 v3.01 AMS font symbols
)
(/usr/share/texlive/texmf-dist/tex/latex/xcolor/xcolor.sty
Package: xcolor 2016/05/11 v2.12 LaTeX color extensions (UK)

(/usr/share/texlive/texmf-dist/tex/latex/graphics-cfg/color.cfg
File: color.cfg 2016/01/02 v1.6 sample color configuration
)
Package xcolor Info: Driver file: pdftex.def on input line 225.

(/usr/share/texlive/texmf-dist/tex/latex/graphics-def/pdftex.def
File: pdftex.def 2018/01/08 v1.0l Graphics/color driver for pdftex
)
(/usr/share/texlive/texmf-dist/tex/latex/colortbl/colortbl.sty
Package: colortbl 2020/01/04 v1.0e Color table columns (DPC)

(/usr/share/texlive/texmf-dist/tex/latex/tools/array.sty
Package: array 2019/08/31 v2.4l Tabular extension package (FMi)
\col@sep=\dimen145
\ar@mcellbox=\box47
\extrarowheight=\dimen146
\NC@list=\toks21
\extratabsurround=\skip52
\backup@length=\skip53
\ar@cellbox=\box48
)
\everycr=\toks22
\minrowclearance=\skip54
)
\rownum=\count190
Package xcolor Info: Model `cmy' substituted by `cmy0' on input line 1348.
Package xcolor Info: Model `hsb' substituted by `rgb' on input line 1352.
Package xcolor Info: Model `RGB' extended on input line 1364.
Package xcolor Info: Model `HTML' substituted by `rgb' on input line 1366.
Package xcolor Info: Model `Hsb' substituted by `hsb' on input line 1367.
Package xcolor Info: Model `tHsb' substituted by `hsb' on input line 1368.
Package xcolor Info: Model `HSB' substituted by `hsb' on input line 1369.
Package xcolor Info: Model `Gray' substituted by `gray' on input line 1370.
Package xcolor Info: Model `wave' substituted by `hsb' on input line 1371.
)
(/usr/share/texlive/texmf-dist/tex/latex/graphics/graphicx.sty
Package: graphicx 2019/11/30 v1.2a Enhanced LaTeX Graphics (DPC,SPQR)

(/usr/share/texlive/texmf-dist/tex/latex/graphics/keyval.sty
Package: keyval 2014/10/28 v1.15 key=value parser (DPC)
\KV@toks@=\toks23
)
(/usr/share/texlive/texmf-dist/tex/latex/graphics/graphics.sty
Package: graphics 2019/11/30 v1.4a Standard LaTeX Graphics (DPC,SPQR)

(/usr/share/texlive/texmf-dist/tex/latex/graphics/trig.sty
Package: trig 2016/01/03 v1.10 sin cos tan (DPC)
)
(/usr/share/texlive/texmf-dist/tex/latex/graphics-cfg/graphics.cfg
File: graphics.cfg 2016/06/04 v1.11 sample graphics configuration
)
Package graphics Info: Driver file: pdftex.def on input line 105.
)
\Gin@req@height=\dimen147
\Gin@req@width=\dimen148
)
(/usr/share/texlive/texmf-dist/tex/latex/fancyhdr/fancyhdr.sty
Package: fancyhdr 2019/01/31 v3.10 Extensive control of page headers and footer
s
\f@nch@headwidth=\skip55
\f@nch@O@elh=\skip56
\f@nch@O@erh=\skip57
\f@nch@O@olh=\skip58
\f@nch@O@orh=\skip59
\f@nch@O@elf=\skip60
\f@nch@O@erf=\skip61
\f@nch@O@olf=\skip62
\f@nch@O@orf=\skip63
)
(/usr/share/texlive/texmf-dist/tex/latex/cite/cite.sty
LaTeX Info: Redefining \cite on input line 302.
LaTeX Info: Redefining \nocite on input line 332.
Package: cite 2015/02/27  v 5.5
)
(/usr/share/texlive/texmf-dist/tex/latex/framed/framed.sty
Package: framed 2011/10/22 v 0.96: framed or shaded text with page breaks
\OuterFrameSep=\skip64
\fb@frw=\dimen149
\fb@frh=\dimen150
\FrameRule=\dimen151
\FrameSep=\dimen152
)
(/usr/share/texlive/texmf-dist/tex/latex/a4wide/a4wide.sty
Package: a4wide 1994/08/30

(/usr/share/texlive/texmf-dist/tex/latex/ntgclass/a4.sty
Package: a4 2004/04/15 v1.2g A4 based page layout
))
(/usr/share/texlive/texmf-dist/tex/latex/enumitem/enumitem.sty
Package: enumitem 2019/06/20 v3.9 Customized lists
\labelindent=\skip65
\enit@outerparindent=\dimen153
\enit@toks=\toks24
\enit@inbox=\box49
\enit@count@id=\count191
\enitdp@description=\count192
)
(/usr/share/texlive/texmf-dist/tex/latex/float/float.sty
Package: float 2001/11/08 v1.3d Float enhancements (AL)
\c@float@type=\count193
\float@exts=\toks25
\float@box=\box50
\@float@everytoks=\toks26
\@floatcapt=\box51
)
(/usr/share/texlive/texmf-dist/tex/latex/blindtext/blindtext.sty
Package: blindtext 2012/01/06 V2.0 blindtext-Package

(/usr/share/texlive/texmf-dist/tex/latex/tools/xspace.sty
Package: xspace 2014/10/28 v1.13 Space after command names (DPC,MH)
)
\c@blindtext=\count194
\c@Blindtext=\count195
\c@blind@countparstart=\count196
\blind@countxx=\count197
\blindtext@numBlindtext=\count198
\blind@countyy=\count199
\c@blindlist=\count266
\c@blindlistlevel=\count267
\c@blindlist@level=\count268
\blind@listitem=\count269
\c@blind@listcount=\count270
\c@blind@levelcount=\count271
\blind@mathformula=\count272
\blind@Mathformula=\count273
\c@blind@randomcount=\count274
\c@blind@randommax=\count275
\c@blind@pangramcount=\count276
\c@blind@pangrammax=\count277
)
(/usr/share/texlive/texmf-dist/tex/latex/xpatch/xpatch.sty
(/usr/share/texlive/texmf-dist/tex/latex/l3kernel/expl3.sty
Package: expl3 2020-02-14 L3 programming layer (loader) 

(/usr/share/texlive/texmf-dist/tex/latex/l3backend/l3backend-pdfmode.def
File: l3backend-pdfmode.def 2020-02-03 L3 backend support: PDF mode
\l__kernel_color_stack_int=\count278
\l__pdf_internal_box=\box52
))
Package: xpatch 2012/10/02 v0.3 Extending etoolbox patching commands

(/usr/share/texlive/texmf-dist/tex/latex/l3packages/xparse/xparse.sty
Package: xparse 2020-02-14 L3 Experimental document command parser
\l__xparse_current_arg_int=\count279
\g__xparse_grabber_int=\count280
\l__xparse_m_args_int=\count281
\l__xparse_v_nesting_int=\count282
)
(/usr/share/texlive/texmf-dist/tex/latex/etoolbox/etoolbox.sty
Package: etoolbox 2019/09/21 v2.5h e-TeX tools for LaTeX (JAW)
\etb@tempcnta=\count283
))

Package Fancyhdr Warning: \fancyfoot's `E' option without twoside option is use
less on input line 26.

(/usr/share/texlive/texmf-dist/tex/latex/base/fontenc.sty
Package: fontenc 2020/02/11 v2.0o Standard LaTeX package
)
Patched @makechapterhead
(/usr/share/texlive/texmf-dist/tex/latex/titlesec/titletoc.sty
Package: titletoc 2019/10/16 v2.13 TOC entries
\ttl@leftsep=\dimen154
)
(./ProjectReport.aux)
\openout1 = `ProjectReport.aux'.

LaTeX Font Info:    Checking defaults for OML/cmm/m/it on input line 71.
LaTeX Font Info:    ... okay on input line 71.
LaTeX Font Info:    Checking defaults for OMS/cmsy/m/n on input line 71.
LaTeX Font Info:    ... okay on input line 71.
LaTeX Font Info:    Checking defaults for OT1/cmr/m/n on input line 71.
LaTeX Font Info:    ... okay on input line 71.
LaTeX Font Info:    Checking defaults for T1/cmr/m/n on input line 71.
LaTeX Font Info:    ... okay on input line 71.
LaTeX Font Info:    Checking defaults for TS1/cmr/m/n on input line 71.
LaTeX Font Info:    ... okay on input line 71.
LaTeX Font Info:    Checking defaults for OMX/cmex/m/n on input line 71.
LaTeX Font Info:    ... okay on input line 71.
LaTeX Font Info:    Checking defaults for U/cmr/m/n on input line 71.
LaTeX Font Info:    ... okay on input line 71.

(/usr/share/texlive/texmf-dist/tex/context/base/mkii/supp-pdf.mkii
[Loading MPS to PDF converter (version 2006.09.02).]
\scratchcounter=\count284
\scratchdimen=\dimen155
\scratchbox=\box53
\nofMPsegments=\count285
\nofMParguments=\count286
\everyMPshowfont=\toks27
\MPscratchCnt=\count287
\MPscratchDim=\dimen156
\MPnumerator=\count288
\makeMPintoPDFobject=\count289
\everyMPtoPDFconversion=\toks28
) (/usr/share/texlive/texmf-dist/tex/latex/epstopdf-pkg/epstopdf-base.sty
Package: epstopdf-base 2020-01-24 v2.11 Base part for package epstopdf
Package epstopdf-base Info: Redefining graphics rule for `.eps' on input line 4
85.

(/usr/share/texlive/texmf-dist/tex/latex/latexconfig/epstopdf-sys.cfg
File: epstopdf-sys.cfg 2010/07/13 v1.3 Configuration of (r)epstopdf for TeX Liv
e
))
<CET_logo.jpeg, id=1, 602.25pt x 337.26pt>
File: CET_logo.jpeg Graphic file (type jpg)
<use CET_logo.jpeg>
Package pdftex.def Info: CET_logo.jpeg  used on input line 97.
(pdftex.def)             Requested size: 240.89572pt x 134.9016pt.

[1

{/var/lib/texmf/fonts/map/pdftex/updmap/pdftex.map} <./CET_logo.jpeg>]
LaTeX Font Info:    Trying to load font information for U+msa on input line 119
.

(/usr/share/texlive/texmf-dist/tex/latex/amsfonts/umsa.fd
File: umsa.fd 2013/01/14 v3.01 AMS symbols A
)
LaTeX Font Info:    Trying to load font information for U+msb on input line 119
.

(/usr/share/texlive/texmf-dist/tex/latex/amsfonts/umsb.fd
File: umsb.fd 2013/01/14 v3.01 AMS symbols B
) [2]
File: CET_logo.jpeg Graphic file (type jpg)
<use CET_logo.jpeg>
Package pdftex.def Info: CET_logo.jpeg  used on input line 149.
(pdftex.def)             Requested size: 240.89572pt x 134.9016pt.

Overfull \hbox (28.26544pt too wide) in paragraph at lines 159--199
$[]$ $[]$ $[]$
 []


Underfull \hbox (badness 10000) in paragraph at lines 159--199

 []

[3] [1

] [2

] (./ProjectReport.toc [3

])
\tf@toc=\write3
\openout3 = `ProjectReport.toc'.

 [4] (./ProjectReport.lot)
\tf@lot=\write4
\openout4 = `ProjectReport.lot'.

 [5

]
(./ProjectReport.lof)
\tf@lof=\write5
\openout5 = `ProjectReport.lof'.

 [6

]
Chapter 1.
[1

] [2] [3] [4]
Chapter 2.
<nasic2.png, id=57, 753.81625pt x 653.44125pt>
File: nasic2.png Graphic file (type png)
<use nasic2.png>
Package pdftex.def Info: nasic2.png  used on input line 307.
(pdftex.def)             Requested size: 263.83965pt x 228.70786pt.

LaTeX Warning: `h' float specifier changed to `ht'.

[5

] [6 <./nasic2.png>]
Chapter 3.
[7

]
<ifstage.png, id=69, 650.43pt x 332.24126pt>
File: ifstage.png Graphic file (type png)
<use ifstage.png>
Package pdftex.def Info: ifstage.png  used on input line 326.
(pdftex.def)             Requested size: 292.6908pt x 149.50717pt.
<exstage.png, id=70, 1034.86626pt x 492.84125pt>
File: exstage.png Graphic file (type png)
<use exstage.png>
Package pdftex.def Info: exstage.png  used on input line 335.
(pdftex.def)             Requested size: 362.20862pt x 172.49701pt.


LaTeX Warning: `h' float specifier changed to `ht'.

[8 <./ifstage.png>]

LaTeX Warning: Float too large for page by 202.379pt on input line 416.


LaTeX Warning: Reference `tab:aluctl' on page 9 undefined on input line 438.

[9 <./exstage.png>] [10] [11]
<interface.png, id=90, 675.52374pt x 595.22375pt>
File: interface.png Graphic file (type png)
<use interface.png>
Package pdftex.def Info: interface.png  used on input line 515.
(pdftex.def)             Requested size: 270.20471pt x 238.08528pt.


LaTeX Warning: `h' float specifier changed to `ht'.

[12]
<wb.png, id=95, 514.92375pt x 430.60875pt>
File: wb.png Graphic file (type png)
<use wb.png>
Package pdftex.def Info: wb.png  used on input line 530.
(pdftex.def)             Requested size: 308.95662pt x 258.36723pt.


LaTeX Warning: `h' float specifier changed to `ht'.

[13 <./interface.png>] [14 <./wb.png>]
<1553.png, id=104, 656.4525pt x 303.1325pt>
File: 1553.png Graphic file (type png)
<use 1553.png>
Package pdftex.def Info: 1553.png  used on input line 558.
(pdftex.def)             Requested size: 262.57634pt x 121.25084pt.
<rt.png, id=105, 910.40125pt x 604.2575pt>
File: rt.png Graphic file (type png)
<use rt.png>
Package pdftex.def Info: rt.png  used on input line 572.
(pdftex.def)             Requested size: 364.15404pt x 241.69872pt.


LaTeX Warning: `h' float specifier changed to `ht'.

[15 <./1553.png>] [16 <./rt.png>] [17]
<word.png, id=118, 883.3pt x 668.4975pt>
File: word.png Graphic file (type png)
<use word.png>
Package pdftex.def Info: word.png  used on input line 621.
(pdftex.def)             Requested size: 309.15964pt x 233.97763pt.


LaTeX Warning: `h' float specifier changed to `ht'.

<command.png, id=119, 825.0825pt x 623.32875pt>
File: command.png Graphic file (type png)
<use command.png>
Package pdftex.def Info: command.png  used on input line 629.
(pdftex.def)             Requested size: 330.02715pt x 249.32707pt.

LaTeX Warning: `h' float specifier changed to `ht'.

<status.png, id=120, 804.00375pt x 817.0525pt>
File: status.png Graphic file (type png)
<use status.png>
Package pdftex.def Info: status.png  used on input line 637.
(pdftex.def)             Requested size: 321.59581pt x 326.81522pt.
[18]

LaTeX Warning: `h' float specifier changed to `ht'.

<data.png, id=124, 786.94pt x 200.75pt>
File: data.png Graphic file (type png)
<use data.png>
Package pdftex.def Info: data.png  used on input line 645.
(pdftex.def)             Requested size: 314.77042pt x 80.29857pt.

LaTeX Warning: `h' float specifier changed to `ht'.

[19 <./word.png>]
<qspi.png, id=129, 544.0325pt x 653.44125pt>
File: qspi.png Graphic file (type png)
<use qspi.png>
Package pdftex.def Info: qspi.png  used on input line 657.
(pdftex.def)             Requested size: 217.60915pt x 261.37187pt.


LaTeX Warning: `h' float specifier changed to `ht'.

[20 <./command.png>] [21 <./status.png>] [22 <./data.png> <./qspi.png>]
[23] [24] [25] [26] [27]
Chapter 4.
[28

]
Chapter 5.
[29

]
Chapter 6.
[30

]
Chapter 7.
[31

]
Chapter 8.
[32

] (./ProjectReport.aux)

LaTeX Warning: There were undefined references.

 ) 
Here is how much of TeX's memory you used:
 5667 strings out of 483183
 80458 string characters out of 5966293
 383023 words of memory out of 5000000
 20560 multiletter control sequences out of 15000+600000
 548534 words of font info for 58 fonts, out of 8000000 for 9000
 14 hyphenation exceptions out of 8191
 36i,9n,45p,2458b,245s stack positions out of 5000i,500n,10000p,200000b,80000s
 </home/sruthi/.texlive2019/texmf-var/fonts/pk/ljfour/jknappen/ec/tcrm1200.60
0pk> </home/sruthi/.texlive2019/texmf-var/fonts/pk/ljfour/jknappen/ec/ecbx1095.
600pk> </home/sruthi/.texlive2019/texmf-var/fonts/pk/ljfour/jknappen/ec/ecbx248
8.600pk> </home/sruthi/.texlive2019/texmf-var/fonts/pk/ljfour/jknappen/ec/ecrm1
095.600pk> </home/sruthi/.texlive2019/texmf-var/fonts/pk/ljfour/jknappen/ec/ecr
m1440.600pk> </home/sruthi/.texlive2019/texmf-var/fonts/pk/ljfour/jknappen/ec/e
ccc1095.600pk> </home/sruthi/.texlive2019/texmf-var/fonts/pk/ljfour/jknappen/ec
/ecrm1000.600pk> </home/sruthi/.texlive2019/texmf-var/fonts/pk/ljfour/jknappen/
ec/ecbx1440.600pk> </home/sruthi/.texlive2019/texmf-var/fonts/pk/ljfour/jknappe
n/ec/ecti1200.600pk> </home/sruthi/.texlive2019/texmf-var/fonts/pk/ljfour/jknap
pen/ec/ecbx1200.600pk> </home/sruthi/.texlive2019/texmf-var/fonts/pk/ljfour/jkn
appen/ec/ecrm1200.600pk> </home/sruthi/.texlive2019/texmf-var/fonts/pk/ljfour/j
knappen/ec/ecbx1728.600pk></usr/share/texlive/texmf-dist/fonts/type1/public/ams
fonts/cm/cmmi12.pfb></usr/share/texlive/texmf-dist/fonts/type1/public/amsfonts/
cm/cmr12.pfb></usr/share/texlive/texmf-dist/fonts/type1/public/amsfonts/cm/cmr8
.pfb></usr/share/texlive/texmf-dist/fonts/type1/public/amsfonts/cm/cmsy10.pfb><
/usr/share/texlive/texmf-dist/fonts/type1/public/amsfonts/cm/cmsy8.pfb>
Output written on ProjectReport.pdf (41 pages, 686164 bytes).
PDF statistics:
 619 PDF objects out of 1000 (max. 8388607)
 157 compressed objects within 2 object streams
 0 named destinations out of 1000 (max. 500000)
 66 words of extra memory for PDF output out of 10000 (max. 10000000)

